This is XeTeX, Version 3.1415926-2.4-0.9998 (MiKTeX 2.9 64-bit) (preloaded format=xelatex 2014.5.28)  28 MAY 2014 18:15
entering extended mode
**main.tex
(J:\ResumeOld\main.tex
LaTeX2e <2011/06/27>
Babel <v3.8m> and hyphenation patterns for english, afrikaans, ancientgreek, ar
abic, armenian, assamese, basque, bengali, bokmal, bulgarian, catalan, coptic, 
croatian, czech, danish, dutch, esperanto, estonian, farsi, finnish, french, ga
lician, german, german-x-2012-05-30, greek, gujarati, hindi, hungarian, iceland
ic, indonesian, interlingua, irish, italian, kannada, kurmanji, latin, latvian,
 lithuanian, malayalam, marathi, mongolian, mongolianlmc, monogreek, ngerman, n
german-x-2012-05-30, nynorsk, oriya, panjabi, pinyin, polish, portuguese, roman
ian, russian, sanskrit, serbian, slovak, slovenian, spanish, swedish, swissgerm
an, tamil, telugu, turkish, turkmen, ukenglish, ukrainian, uppersorbian, usengl
ishmax, welsh, loaded.
("C:\Program Files\Softwares\MiKTeX 2.9\tex\latex\extsizes\extarticle.cls"
Document Class: extarticle 1996/10/08 v1.0 Non Standard LaTeX document class
("C:\Program Files\Softwares\MiKTeX 2.9\tex\latex\base\size10.clo"
File: size10.clo 2007/10/19 v1.4h Standard LaTeX file (size option)
)
("C:\Program Files\Softwares\MiKTeX 2.9\tex\latex\base\exscale.sty"
Package: exscale 2007/10/29 v2.1h Standard LaTeX package exscale
LaTeX Font Info:    Redeclaring symbol font `largesymbols' on input line 52.
LaTeX Font Info:    Overwriting symbol font `largesymbols' in version `normal'
(Font)                  OMX/cmex/m/n --> OMX/cmex/m/n on input line 52.
LaTeX Font Info:    Overwriting symbol font `largesymbols' in version `bold'
(Font)                  OMX/cmex/m/n --> OMX/cmex/m/n on input line 52.
\big@size=\dimen102
)
\c@part=\count80
\c@section=\count81
\c@subsection=\count82
\c@subsubsection=\count83
\c@paragraph=\count84
\c@subparagraph=\count85
\c@figure=\count86
\c@table=\count87
\abovecaptionskip=\skip41
\belowcaptionskip=\skip42
\bibindent=\dimen103
)
("C:\Program Files\Softwares\MiKTeX 2.9\tex\latex\booktabs\booktabs.sty"
Package: booktabs 2005/04/14 v1.61803 publication quality tables
\heavyrulewidth=\dimen104
\lightrulewidth=\dimen105
\cmidrulewidth=\dimen106
\belowrulesep=\dimen107
\belowbottomsep=\dimen108
\aboverulesep=\dimen109
\abovetopsep=\dimen110
\cmidrulesep=\dimen111
\cmidrulekern=\dimen112
\defaultaddspace=\dimen113
\@cmidla=\count88
\@cmidlb=\count89
\@aboverulesep=\dimen114
\@belowrulesep=\dimen115
\@thisruleclass=\count90
\@lastruleclass=\count91
\@thisrulewidth=\dimen116
)
("C:\Program Files\Softwares\MiKTeX 2.9\tex\latex\tools\array.sty"
Package: array 2008/09/09 v2.4c Tabular extension package (FMi)
\col@sep=\dimen117
\extrarowheight=\dimen118
\NC@list=\toks14
\extratabsurround=\skip43
\backup@length=\skip44
)
("C:\Program Files\Softwares\MiKTeX 2.9\tex\latex\graphics\color.sty"
Package: color 2005/11/14 v1.0j Standard LaTeX Color (DPC)

("C:\Program Files\Softwares\MiKTeX 2.9\tex\latex\00miktex\color.cfg"
File: color.cfg 2007/01/18 v1.5 color configuration of teTeX/TeXLive
)
Package color Info: Driver file: xetex.def on input line 130.

("C:\Program Files\Softwares\MiKTeX 2.9\tex\xelatex\xetex-def\xetex.def"
File: xetex.def 2013/04/29 v0.96 LaTeX color/graphics driver for XeTeX (RRM/JK)

))
("C:\Program Files\Softwares\MiKTeX 2.9\tex\latex\float\float.sty"
Package: float 2001/11/08 v1.3d Float enhancements (AL)
\c@float@type=\count92
\float@exts=\toks15
\float@box=\box26
\@float@everytoks=\toks16
\@floatcapt=\box27
)
("C:\Program Files\Softwares\MiKTeX 2.9\tex\latex\tools\hhline.sty"
Package: hhline 1994/05/23 v2.03 Table rule package (DPC)
)
("C:\Program Files\Softwares\MiKTeX 2.9\tex\latex\xcolor\xcolor.sty"
Package: xcolor 2007/01/21 v2.11 LaTeX color extensions (UK)

("C:\Program Files\Softwares\MiKTeX 2.9\tex\latex\00miktex\color.cfg"
File: color.cfg 2007/01/18 v1.5 color configuration of teTeX/TeXLive
)
Package xcolor Info: Driver file: xetex.def on input line 225.
LaTeX Info: Redefining \color on input line 702.
Package xcolor Info: Model `cmy' substituted by `cmy0' on input line 1337.
Package xcolor Info: Model `RGB' extended on input line 1353.
Package xcolor Info: Model `HTML' substituted by `rgb' on input line 1355.
Package xcolor Info: Model `Hsb' substituted by `hsb' on input line 1356.
Package xcolor Info: Model `tHsb' substituted by `hsb' on input line 1357.
Package xcolor Info: Model `HSB' substituted by `hsb' on input line 1358.
Package xcolor Info: Model `Gray' substituted by `gray' on input line 1359.
Package xcolor Info: Model `wave' substituted by `hsb' on input line 1360.
)
("C:\Program Files\Softwares\MiKTeX 2.9\tex\latex\colortbl\colortbl.sty"
Package: colortbl 2012/02/13 v1.0a Color table columns (DPC)
\everycr=\toks17
\minrowclearance=\skip45
)
("C:\Program Files\Softwares\MiKTeX 2.9\tex\latex\graphics\graphicx.sty"
Package: graphicx 1999/02/16 v1.0f Enhanced LaTeX Graphics (DPC,SPQR)

("C:\Program Files\Softwares\MiKTeX 2.9\tex\latex\graphics\keyval.sty"
Package: keyval 1999/03/16 v1.13 key=value parser (DPC)
\KV@toks@=\toks18
)
("C:\Program Files\Softwares\MiKTeX 2.9\tex\latex\graphics\graphics.sty"
Package: graphics 2009/02/05 v1.0o Standard LaTeX Graphics (DPC,SPQR)

("C:\Program Files\Softwares\MiKTeX 2.9\tex\latex\graphics\trig.sty"
Package: trig 1999/03/16 v1.09 sin cos tan (DPC)
)
("C:\Program Files\Softwares\MiKTeX 2.9\tex\latex\00miktex\graphics.cfg"
File: graphics.cfg 2007/01/18 v1.5 graphics configuration of teTeX/TeXLive
)
Package graphics Info: Driver file: xetex.def on input line 91.
)
\Gin@req@height=\dimen119
\Gin@req@width=\dimen120
)
("C:\Program Files\Softwares\MiKTeX 2.9\tex\latex\titlesec\titlesec.sty"
Package: titlesec 2011/12/15 v2.10.0 Sectioning titles
\ttl@box=\box28
\beforetitleunit=\skip46
\aftertitleunit=\skip47
\ttl@plus=\dimen121
\ttl@minus=\dimen122
\ttl@toksa=\toks19
\titlewidth=\dimen123
\titlewidthlast=\dimen124
\titlewidthfirst=\dimen125
)
("C:\Program Files\Softwares\MiKTeX 2.9\tex\latex\tools\tabularx.sty"
Package: tabularx 1999/01/07 v2.07 `tabularx' package (DPC)
\TX@col@width=\dimen126
\TX@old@table=\dimen127
\TX@old@col=\dimen128
\TX@target=\dimen129
\TX@delta=\dimen130
\TX@cols=\count93
\TX@ftn=\toks20
)
("C:\Program Files\Softwares\MiKTeX 2.9\tex\latex\multirow\multirow.sty"
\bigstrutjot=\dimen131
)
("C:\Program Files\Softwares\MiKTeX 2.9\tex\latex\amsmath\amsmath.sty"
Package: amsmath 2013/01/14 v2.14 AMS math features
\@mathmargin=\skip48

For additional information on amsmath, use the `?' option.
("C:\Program Files\Softwares\MiKTeX 2.9\tex\latex\amsmath\amstext.sty"
Package: amstext 2000/06/29 v2.01

("C:\Program Files\Softwares\MiKTeX 2.9\tex\latex\amsmath\amsgen.sty"
File: amsgen.sty 1999/11/30 v2.0
\@emptytoks=\toks21
\ex@=\dimen132
))
("C:\Program Files\Softwares\MiKTeX 2.9\tex\latex\amsmath\amsbsy.sty"
Package: amsbsy 1999/11/29 v1.2d
\pmbraise@=\dimen133
)
("C:\Program Files\Softwares\MiKTeX 2.9\tex\latex\amsmath\amsopn.sty"
Package: amsopn 1999/12/14 v2.01 operator names
)
\inf@bad=\count94
LaTeX Info: Redefining \frac on input line 210.
\uproot@=\count95
\leftroot@=\count96
LaTeX Info: Redefining \overline on input line 306.
\classnum@=\count97
\DOTSCASE@=\count98
LaTeX Info: Redefining \ldots on input line 378.
LaTeX Info: Redefining \dots on input line 381.
LaTeX Info: Redefining \cdots on input line 466.
\Mathstrutbox@=\box29
\strutbox@=\box30
\big@size=\dimen134
LaTeX Font Info:    Redeclaring font encoding OML on input line 566.
LaTeX Font Info:    Redeclaring font encoding OMS on input line 567.
\macc@depth=\count99
\c@MaxMatrixCols=\count100
\dotsspace@=\muskip10
\c@parentequation=\count101
\dspbrk@lvl=\count102
\tag@help=\toks22
\row@=\count103
\column@=\count104
\maxfields@=\count105
\andhelp@=\toks23
\eqnshift@=\dimen135
\alignsep@=\dimen136
\tagshift@=\dimen137
\tagwidth@=\dimen138
\totwidth@=\dimen139
\lineht@=\dimen140
\@envbody=\toks24
\multlinegap=\skip49
\multlinetaggap=\skip50
\mathdisplay@stack=\toks25
LaTeX Info: Redefining \[ on input line 2665.
LaTeX Info: Redefining \] on input line 2666.
)
("C:\Program Files\Softwares\MiKTeX 2.9\tex\latex\unicode-math\unicode-math.sty
"
Package: unicode-math 2013/05/04 v0.7e Unicode maths in XeLaTeX and LuaLaTeX
 ("C:\Program Files\Softwares\MiKTeX 2.9\tex\generic\ifxetex\ifxetex.sty"
Package: ifxetex 2010/09/12 v0.6 Provides ifxetex conditional
)
("C:\Program Files\Softwares\MiKTeX 2.9\tex\generic\oberdiek\ifluatex.sty"
Package: ifluatex 2010/03/01 v1.3 Provides the ifluatex switch (HO)
Package ifluatex Info: LuaTeX not detected.
)
("C:\Program Files\Softwares\MiKTeX 2.9\tex\latex\l3kernel\expl3.sty"
("C:\Program Files\Softwares\MiKTeX 2.9\tex\latex\l3kernel\l3names.sty"
("C:\Program Files\Softwares\MiKTeX 2.9\tex\latex\l3kernel\l3bootstrap.sty"
Package: l3bootstrap 2013/01/08 v4420 L3 Experimental bootstrap code
)
Package: l3names 2012/12/07 v4346 L3 Namespace for primitives
)
("C:\Program Files\Softwares\MiKTeX 2.9\tex\latex\misc\etex.sty"
Package: etex 1998/03/26 v2.0 eTeX basic definition package (PEB)
\et@xins=\count106
)
Package: expl3 2013/03/14 v4469 L3 Experimental code bundle wrapper

("C:\Program Files\Softwares\MiKTeX 2.9\tex\latex\l3kernel\l3basics.sty"
Package: l3basics 2013/01/10 v4428 L3 Basic definitions
)
("C:\Program Files\Softwares\MiKTeX 2.9\tex\latex\l3kernel\l3expan.sty"
Package: l3expan 2013/02/03 v4458 L3 Argument expansion
)
("C:\Program Files\Softwares\MiKTeX 2.9\tex\latex\l3kernel\l3tl.sty"
Package: l3tl 2013/01/08 v4415 L3 Token lists
)
("C:\Program Files\Softwares\MiKTeX 2.9\tex\latex\l3kernel\l3seq.sty"
Package: l3seq 2013/01/12 v4434 L3 Sequences and stacks
)
("C:\Program Files\Softwares\MiKTeX 2.9\tex\latex\l3kernel\l3int.sty"
Package: l3int 2013/01/13 v4444 L3 Integers
\c_max_int=\count107
\l_tmpa_int=\count108
\l_tmpb_int=\count109
\g_tmpa_int=\count110
\g_tmpb_int=\count111
)
("C:\Program Files\Softwares\MiKTeX 2.9\tex\latex\l3kernel\l3quark.sty"
Package: l3quark 2012/11/04 v4268 L3 Quarks
)
("C:\Program Files\Softwares\MiKTeX 2.9\tex\latex\l3kernel\l3prg.sty"
Package: l3prg 2013/02/13 v4459 L3 Control structures
\g__prg_map_int=\count112
)
("C:\Program Files\Softwares\MiKTeX 2.9\tex\latex\l3kernel\l3clist.sty"
Package: l3clist 2013/01/08 v4414 L3 Comma separated lists
)
("C:\Program Files\Softwares\MiKTeX 2.9\tex\latex\l3kernel\l3token.sty"
Package: l3token 2013/01/10 v4428 L3 Experimental token manipulation
)
("C:\Program Files\Softwares\MiKTeX 2.9\tex\latex\l3kernel\l3prop.sty"
Package: l3prop 2013/01/09 v4423 L3 Property lists
)
("C:\Program Files\Softwares\MiKTeX 2.9\tex\latex\l3kernel\l3msg.sty"
Package: l3msg 2013/01/08 v4412 L3 Messages
)
("C:\Program Files\Softwares\MiKTeX 2.9\tex\latex\l3kernel\l3file.sty"
Package: l3file 2013/01/14 v4446 L3 File and I/O operations
\l_iow_line_count_int=\count113
\l__iow_target_count_int=\count114
\l__iow_current_line_int=\count115
\l__iow_current_word_int=\count116
\l__iow_current_indentation_int=\count117
)
("C:\Program Files\Softwares\MiKTeX 2.9\tex\latex\l3kernel\l3skip.sty"
Package: l3skip 2013/01/13 v4444 L3 Dimensions and skips
\c_zero_dim=\dimen141
\c_max_dim=\dimen142
\l_tmpa_dim=\dimen143
\l_tmpb_dim=\dimen144
\g_tmpa_dim=\dimen145
\g_tmpb_dim=\dimen146
\c_zero_skip=\skip51
\c_max_skip=\skip52
\l_tmpa_skip=\skip53
\l_tmpb_skip=\skip54
\g_tmpa_skip=\skip55
\g_tmpb_skip=\skip56
\c_zero_muskip=\muskip11
\c_max_muskip=\muskip12
\l_tmpa_muskip=\muskip13
\l_tmpb_muskip=\muskip14
\g_tmpa_muskip=\muskip15
\g_tmpb_muskip=\muskip16
)
("C:\Program Files\Softwares\MiKTeX 2.9\tex\latex\l3kernel\l3keys.sty"
Package: l3keys 2013/02/24 v4461 L3 Experimental key-value interfaces
\g__keyval_level_int=\count118
\l_keys_choice_int=\count119
)
("C:\Program Files\Softwares\MiKTeX 2.9\tex\latex\l3kernel\l3fp.sty"
Package: l3fp 2013/01/19 v4449 L3 Floating points
\c__fp_leading_shift_int=\count120
\c__fp_middle_shift_int=\count121
\c__fp_trailing_shift_int=\count122
\c__fp_big_leading_shift_int=\count123
\c__fp_big_middle_shift_int=\count124
\c__fp_big_trailing_shift_int=\count125
\c__fp_Bigg_leading_shift_int=\count126
\c__fp_Bigg_middle_shift_int=\count127
\c__fp_Bigg_trailing_shift_int=\count128
)
("C:\Program Files\Softwares\MiKTeX 2.9\tex\latex\l3kernel\l3box.sty"
Package: l3box 2013/01/08 v4411 L3 Experimental boxes
\c_empty_box=\box31
\l_tmpa_box=\box32
\l_tmpb_box=\box33
\g_tmpa_box=\box34
\g_tmpb_box=\box35
)
("C:\Program Files\Softwares\MiKTeX 2.9\tex\latex\l3kernel\l3coffins.sty"
Package: l3coffins 2012/09/09 v4212 L3 Coffin code layer
\l__coffin_internal_box=\box36
\l__coffin_internal_dim=\dimen147
\l__coffin_offset_x_dim=\dimen148
\l__coffin_offset_y_dim=\dimen149
\l__coffin_x_dim=\dimen150
\l__coffin_y_dim=\dimen151
\l__coffin_x_prime_dim=\dimen152
\l__coffin_y_prime_dim=\dimen153
\c_empty_coffin=\box37
\l__coffin_aligned_coffin=\box38
\l__coffin_aligned_internal_coffin=\box39
\l_tmpa_coffin=\box40
\l_tmpb_coffin=\box41
\l__coffin_display_coffin=\box42
\l__coffin_display_coord_coffin=\box43
\l__coffin_display_pole_coffin=\box44
\l__coffin_display_offset_dim=\dimen154
\l__coffin_display_x_dim=\dimen155
\l__coffin_display_y_dim=\dimen156
)
("C:\Program Files\Softwares\MiKTeX 2.9\tex\latex\l3kernel\l3color.sty"
Package: l3color 2012/08/29 v4156 L3 Experimental color support
)
("C:\Program Files\Softwares\MiKTeX 2.9\tex\latex\l3kernel\l3luatex.sty"
Package: l3luatex 2012/08/03 v4049 L3 Experimental LuaTeX-specific functions
\g__cctab_allocate_int=\count129
\g__cctab_stack_int=\count130
)
("C:\Program Files\Softwares\MiKTeX 2.9\tex\latex\l3kernel\l3candidates.sty"
Package: l3candidates 2013/03/14 v4468 L3 Experimental additions to l3kernel
\l__box_top_dim=\dimen157
\l__box_bottom_dim=\dimen158
\l__box_left_dim=\dimen159
\l__box_right_dim=\dimen160
\l__box_top_new_dim=\dimen161
\l__box_bottom_new_dim=\dimen162
\l__box_left_new_dim=\dimen163
\l__box_right_new_dim=\dimen164
\l__box_internal_box=\box45
\l__coffin_bounding_shift_dim=\dimen165
\l__coffin_left_corner_dim=\dimen166
\l__coffin_right_corner_dim=\dimen167
\l__coffin_bottom_corner_dim=\dimen168
\l__coffin_top_corner_dim=\dimen169
\l__coffin_scaled_total_height_dim=\dimen170
\l__coffin_scaled_width_dim=\dimen171
)
("C:\Program Files\Softwares\MiKTeX 2.9\tex\generic\oberdiek\ifpdf.sty"
Package: ifpdf 2011/01/30 v2.3 Provides the ifpdf switch (HO)
Package ifpdf Info: pdfTeX in PDF mode is not detected.
))
("C:\Program Files\Softwares\MiKTeX 2.9\tex\latex\l3packages\xparse\xparse.sty"
Package: xparse 2013/03/12 v4467 L3 Experimental document command parser
\l__xparse_current_arg_int=\count131
\l__xparse_m_args_int=\count132
\l__xparse_mandatory_args_int=\count133
\l__xparse_processor_int=\count134
\l__xparse_v_nesting_int=\count135
)
("C:\Program Files\Softwares\MiKTeX 2.9\tex\latex\l3packages\l3keys2e\l3keys2e.
sty"
Package: l3keys2e 2013/03/12 v4467 LaTeX2e option processing using LaTeX3 keys
) ("C:\Program Files\Softwares\MiKTeX 2.9\tex\latex\fontspec\fontspec.sty"
Package: fontspec 2013/03/16 v2.3a Font selection for XeLaTeX and LuaLaTeX
\l_fontspec_script_int=\count136
\l_fontspec_language_int=\count137
\l_fontspec_strnum_int=\count138
\l_fontspec_tmpa_dim=\dimen172
\l_fontspec_tmpb_dim=\dimen173
\l_fontspec_tmpc_dim=\dimen174
Variant \tl_gset:cV already defined; not changing it on line 69

("C:\Program Files\Softwares\MiKTeX 2.9\tex\latex\fontspec\fontspec-patches.sty
"
Package: fontspec-patches 2013/03/16 v2.3a Font selection for XeLaTeX and LuaLa
TeX
 ("C:\Program Files\Softwares\MiKTeX 2.9\tex\latex\base\fixltx2e.sty"
Package: fixltx2e 2006/09/13 v1.1m fixes to LaTeX
LaTeX Info: Redefining \em on input line 420.
LaTeX Info: The control sequence `\[' is already robust on input line 471.
LaTeX Info: The control sequence `\]' is already robust on input line 472.
)
LaTeX Info: Redefining \em on input line 22.
LaTeX Info: Redefining \emph on input line 30.
LaTeX Info: Redefining \- on input line 33.

*************************************************
* LaTeX warning: "xparse/redefine-command"
* 
* Redefining document command \oldstylenums with arg. spec. 'm' on line 128.
*************************************************
.................................................
. LaTeX info: "xparse/define-command"
. 
. Defining document command \liningnums with arg. spec. 'm' on line 132.
.................................................
) ("C:\Program Files\Softwares\MiKTeX 2.9\tex\latex\fontspec\fontspec-xetex.sty
"
Package: fontspec-xetex 2013/03/16 v2.3a Font selection for XeLaTeX and LuaLaTe
X
 ("C:\Program Files\Softwares\MiKTeX 2.9\tex\latex\base\fontenc.sty"
Package: fontenc 2005/09/27 v1.99g Standard LaTeX package

("C:\Program Files\Softwares\MiKTeX 2.9\tex\latex\euenc\eu1enc.def"
File: eu1enc.def 2010/05/27 v0.1h Experimental Unicode font encodings
)
LaTeX Font Info:    Try loading font information for EU1+lmr on input line 100.


("C:\Program Files\Softwares\MiKTeX 2.9\tex\latex\euenc\eu1lmr.fd"
File: eu1lmr.fd 2009/10/30 v1.6 Font defs for Latin Modern
)
Requested font "[lmroman10-regular]:mapping=tex-text" at 10.0pt
 -> C:/Program Files/Softwares/MiKTeX 2.9/fonts/opentype/public/lm/lmroman10-re
gular.otf
)
("C:\Program Files\Softwares\MiKTeX 2.9\tex\xelatex\xunicode\xunicode.sty"
File: xunicode.sty 2011/09/09 v0.981 provides access to latin accents and many 
other characters in Unicode lower plane

("C:\Program Files\Softwares\MiKTeX 2.9\tex\latex\tipa\t3enc.def"
File: t3enc.def 2001/12/31 T3 encoding
Requested font "[lmromanslant10-regular]:mapping=tex-text" at 10.0pt
 -> C:/Program Files/Softwares/MiKTeX 2.9/fonts/opentype/public/lm/lmromanslant
10-regular.otf
Requested font "[lmroman10-italic]:mapping=tex-text" at 10.0pt
 -> C:/Program Files/Softwares/MiKTeX 2.9/fonts/opentype/public/lm/lmroman10-it
alic.otf
Requested font "[lmroman10-bold]:mapping=tex-text" at 10.0pt
 -> C:/Program Files/Softwares/MiKTeX 2.9/fonts/opentype/public/lm/lmroman10-bo
ld.otf
LaTeX Font Info:    Try loading font information for EU1+lmss on input line 357
.

("C:\Program Files\Softwares\MiKTeX 2.9\tex\latex\euenc\eu1lmss.fd"
File: eu1lmss.fd 2009/10/30 v1.6 Font defs for Latin Modern
)
Requested font "[lmsans10-regular]:mapping=tex-text" at 10.0pt
 -> C:/Program Files/Softwares/MiKTeX 2.9/fonts/opentype/public/lm/lmsans10-reg
ular.otf
)
\tipaTiiicode=\count139
\tipasavetokens=\toks26
\tipachecktokens=\toks27
)
.................................................
. LaTeX info: "xparse/define-command"
. 
. Defining document command \fontspec with arg. spec. 'O{}m' on line 41.
.................................................
.................................................
. LaTeX info: "xparse/define-command"
. 
. Defining document command \setmainfont with arg. spec. 'O{}m' on line 46.
.................................................
.................................................
. LaTeX info: "xparse/define-command"
. 
. Defining document command \setsansfont with arg. spec. 'O{}m' on line 51.
.................................................
.................................................
. LaTeX info: "xparse/define-command"
. 
. Defining document command \setmonofont with arg. spec. 'O{}m' on line 56.
.................................................
.................................................
. LaTeX info: "xparse/define-command"
. 
. Defining document command \setmathrm with arg. spec. 'O{}m' on line 65.
.................................................
.................................................
. LaTeX info: "xparse/define-command"
. 
. Defining document command \setboldmathrm with arg. spec. 'O{}m' on line 69.
.................................................
.................................................
. LaTeX info: "xparse/define-command"
. 
. Defining document command \setmathsf with arg. spec. 'O{}m' on line 73.
.................................................
.................................................
. LaTeX info: "xparse/define-command"
. 
. Defining document command \setmathtt with arg. spec. 'O{}m' on line 77.
.................................................
.................................................
. LaTeX info: "xparse/define-command"
. 
. Defining document command \newfontfamily with arg. spec. 'mO{}m' on line 96.
.................................................
.................................................
. LaTeX info: "xparse/define-command"
. 
. Defining document command \newfontface with arg. spec. 'mO{}m' on line 100.
.................................................
.................................................
. LaTeX info: "xparse/define-command"
. 
. Defining document command \defaultfontfeatures with arg. spec. 'om' on line
. 108.
.................................................
.................................................
. LaTeX info: "xparse/define-command"
. 
. Defining document command \addfontfeatures with arg. spec. 'm' on line 144.
.................................................
.................................................
. LaTeX info: "xparse/define-command"
. 
. Defining document command \newfontfeature with arg. spec. 'mm' on line 156.
.................................................
.................................................
. LaTeX info: "xparse/define-command"
. 
. Defining document command \newAATfeature with arg. spec. 'mmmm' on line 164.
.................................................
.................................................
. LaTeX info: "xparse/define-command"
. 
. Defining document command \newICUfeature with arg. spec. 'mmm' on line 172.
.................................................
.................................................
. LaTeX info: "xparse/define-command"
. 
. Defining document command \aliasfontfeature with arg. spec. 'mm' on line
. 201.
.................................................
.................................................
. LaTeX info: "xparse/define-command"
. 
. Defining document command \aliasfontfeatureoption with arg. spec. 'mmm' on
. line 203.
.................................................
.................................................
. LaTeX info: "xparse/define-command"
. 
. Defining document command \newfontscript with arg. spec. 'mm' on line 208.
.................................................
.................................................
. LaTeX info: "xparse/define-command"
. 
. Defining document command \newfontlanguage with arg. spec. 'mm' on line 235.
.................................................
.................................................
. LaTeX info: "xparse/define-command"
. 
. Defining document command \DeclareFontsExtensions with arg. spec. 'm' on
. line 256.
.................................................
Variant \prop_gput:cnV already defined; not changing it on line 582
Variant \prop_gput:cnx already defined; not changing it on line 583
\l_fontspec_tmp_int=\count140
LaTeX Info: Redefining \itshape on input line 2091.
LaTeX Info: Redefining \slshape on input line 2096.
LaTeX Info: Redefining \scshape on input line 2101.
LaTeX Info: Redefining \upshape on input line 2106.

("C:\Program Files\Softwares\MiKTeX 2.9\tex\latex\fontspec\fontspec.cfg")))
("C:\Program Files\Softwares\MiKTeX 2.9\tex\generic\oberdiek\catchfile.sty"
Package: catchfile 2011/03/01 v1.6 Catch the contents of a file (HO)

("C:\Program Files\Softwares\MiKTeX 2.9\tex\generic\oberdiek\infwarerr.sty"
Package: infwarerr 2010/04/08 v1.3 Providing info/warning/error messages (HO)
)
("C:\Program Files\Softwares\MiKTeX 2.9\tex\generic\oberdiek\ltxcmds.sty"
Package: ltxcmds 2011/11/09 v1.22 LaTeX kernel commands for general use (HO)
)
("C:\Program Files\Softwares\MiKTeX 2.9\tex\generic\oberdiek\etexcmds.sty"
Package: etexcmds 2011/02/16 v1.5 Avoid name clashes with e-TeX commands (HO)
Package etexcmds Info: Could not find \expanded.
(etexcmds)             That can mean that you are not using pdfTeX 1.50 or
(etexcmds)             that some package has redefined \expanded.
(etexcmds)             In the latter case, load this package earlier.
))
("C:\Program Files\Softwares\MiKTeX 2.9\tex\latex\base\fix-cm.sty"
Package: fix-cm 2006/09/13 v1.1m fixes to LaTeX

("C:\Program Files\Softwares\MiKTeX 2.9\tex\latex\base\ts1enc.def"
File: ts1enc.def 2001/06/05 v3.0e (jk/car/fm) Standard LaTeX file
))
("C:\Program Files\Softwares\MiKTeX 2.9\tex\latex\filehook\filehook.sty"
Package: filehook 2011/10/12 v0.5d Hooks for input files
)
Variant \tl_put_right:cx already defined; not changing it on line 50
Variant \seq_if_in:NVTF already defined; not changing it on line 51
\g_um_fam_int=\count141
.................................................
. LaTeX info: "xparse/define-command"
. 
. Defining document command \unimathsetup with arg. spec. 'm' on line 108.
.................................................

("C:\Program Files\Softwares\MiKTeX 2.9\tex\latex\unicode-math\unicode-math-xet
ex.sty"
.................................................
. LaTeX info: "xparse/define-command"
. 
. Defining document command \setmathfont with arg. spec. 'O{}m' on line 439.
.................................................
.................................................
. LaTeX info: "xparse/define-command"
. 
. Defining document command \addnolimits with arg. spec. 'm' on line 636.
.................................................
.................................................
. LaTeX info: "xparse/define-command"
. 
. Defining document command \removenolimits with arg. spec. 'm' on line 639.
.................................................

("C:\Program Files\Softwares\MiKTeX 2.9\tex\latex\unicode-math\unicode-math-tab
le.tex")
\g_um_primekern_muskip=\muskip17
\l_um_primecount_int=\count142
.................................................
. unicode-math info: "patch-macro"
. 
. I'm going to patch macro \subarray.
.................................................
.................................................
. unicode-math info: "patch-macro"
. 
. I'm going to patch macro \r@@t.
.................................................
))
("C:\Program Files\Softwares\MiKTeX 2.9\tex\latex\mdframed\mdframed.sty"
Package: mdframed 2013/03/09\ 1.8: mdframed

("C:\Program Files\Softwares\MiKTeX 2.9\tex\latex\oberdiek\kvoptions.sty"
Package: kvoptions 2011/06/30 v3.11 Key value format for package options (HO)

("C:\Program Files\Softwares\MiKTeX 2.9\tex\generic\oberdiek\kvsetkeys.sty"
Package: kvsetkeys 2012/04/25 v1.16 Key value parser (HO)
))
("C:\Program Files\Softwares\MiKTeX 2.9\tex\latex\etoolbox\etoolbox.sty"
Package: etoolbox 2011/01/03 v2.1 e-TeX tools for LaTeX
\etb@tempcnta=\count143
)
("C:\Program Files\Softwares\MiKTeX 2.9\tex\latex\oberdiek\zref-abspage.sty"
Package: zref-abspage 2012/04/04 v2.24 Module abspage for zref (HO)

("C:\Program Files\Softwares\MiKTeX 2.9\tex\latex\oberdiek\zref-base.sty"
Package: zref-base 2012/04/04 v2.24 Module base for zref (HO)

("C:\Program Files\Softwares\MiKTeX 2.9\tex\generic\oberdiek\kvdefinekeys.sty"
Package: kvdefinekeys 2011/04/07 v1.3 Define keys (HO)
) ("C:\Program Files\Softwares\MiKTeX 2.9\tex\generic\oberdiek\pdftexcmds.sty"
Package: pdftexcmds 2011/11/29 v0.20 Utility functions of pdfTeX for LuaTeX (HO
)
Package pdftexcmds Info: LuaTeX not detected.
Package pdftexcmds Info: pdfTeX >= 1.30 not detected.
Package pdftexcmds Info: \pdf@primitive is available.
Package pdftexcmds Info: \pdf@ifprimitive is available.
Package pdftexcmds Info: \pdfdraftmode not found.
)
("C:\Program Files\Softwares\MiKTeX 2.9\tex\latex\oberdiek\auxhook.sty"
Package: auxhook 2011/03/04 v1.3 Hooks for auxiliary files (HO)
)
Package zref Info: New property list: main on input line 759.
Package zref Info: New property: default on input line 760.
Package zref Info: New property: page on input line 761.
)
("C:\Program Files\Softwares\MiKTeX 2.9\tex\generic\oberdiek\atbegshi.sty"
Package: atbegshi 2011/10/05 v1.16 At begin shipout hook (HO)
)
\c@abspage=\count144
Package zref Info: New property: abspage on input line 62.
)
\mdf@templength=\skip57
\c@mdf@globalstyle@cnt=\count145
\mdf@skipabove@length=\skip58
\mdf@skipbelow@length=\skip59
\mdf@leftmargin@length=\skip60
\mdf@rightmargin@length=\skip61
\mdf@innerleftmargin@length=\skip62
\mdf@innerrightmargin@length=\skip63
\mdf@innertopmargin@length=\skip64
\mdf@innerbottommargin@length=\skip65
\mdf@splittopskip@length=\skip66
\mdf@splitbottomskip@length=\skip67
\mdf@outermargin@length=\skip68
\mdf@innermargin@length=\skip69
\mdf@linewidth@length=\skip70
\mdf@innerlinewidth@length=\skip71
\mdf@middlelinewidth@length=\skip72
\mdf@outerlinewidth@length=\skip73
\mdf@roundcorner@length=\skip74
\mdf@footenotedistance@length=\skip75
\mdf@userdefinedwidth@length=\skip76
\mdf@frametitleaboveskip@length=\skip77
\mdf@frametitlebelowskip@length=\skip78
\mdf@frametitlerulewidth@length=\skip79
\mdf@frametitleleftmargin@length=\skip80
\mdf@frametitlerightmargin@length=\skip81
\mdf@shadowsize@length=\skip82
\mdf@extratopheight@length=\skip83
\mdf@subtitleabovelinewidth@length=\skip84
\mdf@subtitlebelowlinewidth@length=\skip85
\mdf@subtitleaboveskip@length=\skip86
\mdf@subtitlebelowskip@length=\skip87
\mdf@subtitleinneraboveskip@length=\skip88
\mdf@subtitleinnerbelowskip@length=\skip89
\mdf@subsubtitleabovelinewidth@length=\skip90
\mdf@subsubtitlebelowlinewidth@length=\skip91
\mdf@subsubtitleaboveskip@length=\skip92
\mdf@subsubtitlebelowskip@length=\skip93
\mdf@subsubtitleinneraboveskip@length=\skip94
\mdf@subsubtitleinnerbelowskip@length=\skip95

("C:\Program Files\Softwares\MiKTeX 2.9\tex\latex\pgf\frontendlayer\tikz.sty"
("C:\Program Files\Softwares\MiKTeX 2.9\tex\latex\pgf\basiclayer\pgf.sty"
("C:\Program Files\Softwares\MiKTeX 2.9\tex\latex\pgf\utilities\pgfrcs.sty"
("C:\Program Files\Softwares\MiKTeX 2.9\tex\generic\pgf\utilities\pgfutil-commo
n.tex"
\pgfutil@everybye=\toks28
)
("C:\Program Files\Softwares\MiKTeX 2.9\tex\generic\pgf\utilities\pgfutil-latex
.def"
\pgfutil@abb=\box46
 ("C:\Program Files\Softwares\MiKTeX 2.9\tex\latex\ms\everyshi.sty"
Package: everyshi 2001/05/15 v3.00 EveryShipout Package (MS)
))
("C:\Program Files\Softwares\MiKTeX 2.9\tex\generic\pgf\utilities\pgfrcs.code.t
ex"
Package: pgfrcs 2010/10/25 v2.10 (rcs-revision 1.24)
))
Package: pgf 2008/01/15 v2.10 (rcs-revision 1.12)

("C:\Program Files\Softwares\MiKTeX 2.9\tex\latex\pgf\basiclayer\pgfcore.sty"
("C:\Program Files\Softwares\MiKTeX 2.9\tex\latex\pgf\systemlayer\pgfsys.sty"
("C:\Program Files\Softwares\MiKTeX 2.9\tex\generic\pgf\systemlayer\pgfsys.code
.tex"
Package: pgfsys 2010/06/30 v2.10 (rcs-revision 1.37)

("C:\Program Files\Softwares\MiKTeX 2.9\tex\generic\pgf\utilities\pgfkeys.code.
tex"
\pgfkeys@pathtoks=\toks29
\pgfkeys@temptoks=\toks30

("C:\Program Files\Softwares\MiKTeX 2.9\tex\generic\pgf\utilities\pgfkeysfilter
ed.code.tex"
\pgfkeys@tmptoks=\toks31
))
\pgf@x=\dimen175
\pgf@y=\dimen176
\pgf@xa=\dimen177
\pgf@ya=\dimen178
\pgf@xb=\dimen179
\pgf@yb=\dimen180
\pgf@xc=\dimen181
\pgf@yc=\dimen182
\w@pgf@writea=\write3
\r@pgf@reada=\read1
\c@pgf@counta=\count146
\c@pgf@countb=\count147
\c@pgf@countc=\count148
\c@pgf@countd=\count149

("C:\Program Files\Softwares\MiKTeX 2.9\tex\generic\pgf\systemlayer\pgf.cfg"
File: pgf.cfg 2008/05/14  (rcs-revision 1.7)
)
Package pgfsys Info: Driver file for pgf: pgfsys-xetex.def on input line 900.

("C:\Program Files\Softwares\MiKTeX 2.9\tex\generic\pgf\systemlayer\pgfsys-xete
x.def"
File: pgfsys-xetex.def 2010/02/16  (rcs-revision 1.3)

("C:\Program Files\Softwares\MiKTeX 2.9\tex\generic\pgf\systemlayer\pgfsys-comm
on-pdf.def"
File: pgfsys-common-pdf.def 2008/05/19  (rcs-revision 1.10)
)
("C:\Program Files\Softwares\MiKTeX 2.9\tex\generic\pgf\systemlayer\pgfsys-comm
on-pdf-via-dvi.def"
File: pgfsys-common-pdf-via-dvi.def 2008/05/19  (rcs-revision 1.7)
)))
("C:\Program Files\Softwares\MiKTeX 2.9\tex\generic\pgf\systemlayer\pgfsyssoftp
ath.code.tex"
File: pgfsyssoftpath.code.tex 2008/07/18  (rcs-revision 1.7)
\pgfsyssoftpath@smallbuffer@items=\count150
\pgfsyssoftpath@bigbuffer@items=\count151
)
("C:\Program Files\Softwares\MiKTeX 2.9\tex\generic\pgf\systemlayer\pgfsysproto
col.code.tex"
File: pgfsysprotocol.code.tex 2006/10/16  (rcs-revision 1.4)
))
("C:\Program Files\Softwares\MiKTeX 2.9\tex\generic\pgf\basiclayer\pgfcore.code
.tex"
Package: pgfcore 2010/04/11 v2.10 (rcs-revision 1.7)

("C:\Program Files\Softwares\MiKTeX 2.9\tex\generic\pgf\math\pgfmath.code.tex"
("C:\Program Files\Softwares\MiKTeX 2.9\tex\generic\pgf\math\pgfmathcalc.code.t
ex"
("C:\Program Files\Softwares\MiKTeX 2.9\tex\generic\pgf\math\pgfmathutil.code.t
ex")
("C:\Program Files\Softwares\MiKTeX 2.9\tex\generic\pgf\math\pgfmathparser.code
.tex"
\pgfmath@dimen=\dimen183
\pgfmath@count=\count152
\pgfmath@box=\box47
\pgfmath@toks=\toks32
\pgfmath@stack@operand=\toks33
\pgfmath@stack@operation=\toks34
)
("C:\Program Files\Softwares\MiKTeX 2.9\tex\generic\pgf\math\pgfmathfunctions.c
ode.tex"
("C:\Program Files\Softwares\MiKTeX 2.9\tex\generic\pgf\math\pgfmathfunctions.b
asic.code.tex")
("C:\Program Files\Softwares\MiKTeX 2.9\tex\generic\pgf\math\pgfmathfunctions.t
rigonometric.code.tex")
("C:\Program Files\Softwares\MiKTeX 2.9\tex\generic\pgf\math\pgfmathfunctions.r
andom.code.tex")
("C:\Program Files\Softwares\MiKTeX 2.9\tex\generic\pgf\math\pgfmathfunctions.c
omparison.code.tex")
("C:\Program Files\Softwares\MiKTeX 2.9\tex\generic\pgf\math\pgfmathfunctions.b
ase.code.tex")
("C:\Program Files\Softwares\MiKTeX 2.9\tex\generic\pgf\math\pgfmathfunctions.r
ound.code.tex")
("C:\Program Files\Softwares\MiKTeX 2.9\tex\generic\pgf\math\pgfmathfunctions.m
isc.code.tex")))
("C:\Program Files\Softwares\MiKTeX 2.9\tex\generic\pgf\math\pgfmathfloat.code.
tex"
\c@pgfmathroundto@lastzeros=\count153
))
("C:\Program Files\Softwares\MiKTeX 2.9\tex\generic\pgf\basiclayer\pgfcorepoint
s.code.tex"
File: pgfcorepoints.code.tex 2010/04/09  (rcs-revision 1.20)
\pgf@picminx=\dimen184
\pgf@picmaxx=\dimen185
\pgf@picminy=\dimen186
\pgf@picmaxy=\dimen187
\pgf@pathminx=\dimen188
\pgf@pathmaxx=\dimen189
\pgf@pathminy=\dimen190
\pgf@pathmaxy=\dimen191
\pgf@xx=\dimen192
\pgf@xy=\dimen193
\pgf@yx=\dimen194
\pgf@yy=\dimen195
\pgf@zx=\dimen196
\pgf@zy=\dimen197
)
("C:\Program Files\Softwares\MiKTeX 2.9\tex\generic\pgf\basiclayer\pgfcorepathc
onstruct.code.tex"
File: pgfcorepathconstruct.code.tex 2010/08/03  (rcs-revision 1.24)
\pgf@path@lastx=\dimen198
\pgf@path@lasty=\dimen199
)
("C:\Program Files\Softwares\MiKTeX 2.9\tex\generic\pgf\basiclayer\pgfcorepathu
sage.code.tex"
File: pgfcorepathusage.code.tex 2008/04/22  (rcs-revision 1.12)
\pgf@shorten@end@additional=\dimen200
\pgf@shorten@start@additional=\dimen201
)
("C:\Program Files\Softwares\MiKTeX 2.9\tex\generic\pgf\basiclayer\pgfcorescope
s.code.tex"
File: pgfcorescopes.code.tex 2010/09/08  (rcs-revision 1.34)
\pgfpic=\box48
\pgf@hbox=\box49
\pgf@layerbox@main=\box50
\pgf@picture@serial@count=\count154
)
("C:\Program Files\Softwares\MiKTeX 2.9\tex\generic\pgf\basiclayer\pgfcoregraph
icstate.code.tex"
File: pgfcoregraphicstate.code.tex 2008/04/22  (rcs-revision 1.9)
Normal \dimen register pool exhausted, switching to extended pool.
\pgflinewidth=\dimen256
)
("C:\Program Files\Softwares\MiKTeX 2.9\tex\generic\pgf\basiclayer\pgfcoretrans
formations.code.tex"
File: pgfcoretransformations.code.tex 2009/06/10  (rcs-revision 1.11)
\pgf@pt@x=\dimen257
\pgf@pt@y=\dimen258
\pgf@pt@temp=\dimen259
)
("C:\Program Files\Softwares\MiKTeX 2.9\tex\generic\pgf\basiclayer\pgfcorequick
.code.tex"
File: pgfcorequick.code.tex 2008/10/09  (rcs-revision 1.3)
)
("C:\Program Files\Softwares\MiKTeX 2.9\tex\generic\pgf\basiclayer\pgfcoreobjec
ts.code.tex"
File: pgfcoreobjects.code.tex 2006/10/11  (rcs-revision 1.2)
)
("C:\Program Files\Softwares\MiKTeX 2.9\tex\generic\pgf\basiclayer\pgfcorepathp
rocessing.code.tex"
File: pgfcorepathprocessing.code.tex 2008/10/09  (rcs-revision 1.8)
)
("C:\Program Files\Softwares\MiKTeX 2.9\tex\generic\pgf\basiclayer\pgfcorearrow
s.code.tex"
File: pgfcorearrows.code.tex 2008/04/23  (rcs-revision 1.11)
)
("C:\Program Files\Softwares\MiKTeX 2.9\tex\generic\pgf\basiclayer\pgfcoreshade
.code.tex"
File: pgfcoreshade.code.tex 2008/11/23  (rcs-revision 1.13)
\pgf@max=\dimen260
\pgf@sys@shading@range@num=\count155
)
("C:\Program Files\Softwares\MiKTeX 2.9\tex\generic\pgf\basiclayer\pgfcoreimage
.code.tex"
File: pgfcoreimage.code.tex 2010/03/25  (rcs-revision 1.16)

("C:\Program Files\Softwares\MiKTeX 2.9\tex\generic\pgf\basiclayer\pgfcoreexter
nal.code.tex"
File: pgfcoreexternal.code.tex 2010/09/01  (rcs-revision 1.17)
\pgfexternal@startupbox=\box51
))
("C:\Program Files\Softwares\MiKTeX 2.9\tex\generic\pgf\basiclayer\pgfcorelayer
s.code.tex"
File: pgfcorelayers.code.tex 2010/08/27  (rcs-revision 1.2)
)
("C:\Program Files\Softwares\MiKTeX 2.9\tex\generic\pgf\basiclayer\pgfcoretrans
parency.code.tex"
File: pgfcoretransparency.code.tex 2008/01/17  (rcs-revision 1.2)
)
("C:\Program Files\Softwares\MiKTeX 2.9\tex\generic\pgf\basiclayer\pgfcorepatte
rns.code.tex"
File: pgfcorepatterns.code.tex 2009/07/02  (rcs-revision 1.3)
)))
("C:\Program Files\Softwares\MiKTeX 2.9\tex\generic\pgf\modules\pgfmoduleshapes
.code.tex"
File: pgfmoduleshapes.code.tex 2010/09/09  (rcs-revision 1.13)
\pgfnodeparttextbox=\box52
)
("C:\Program Files\Softwares\MiKTeX 2.9\tex\generic\pgf\modules\pgfmoduleplot.c
ode.tex"
File: pgfmoduleplot.code.tex 2010/10/22  (rcs-revision 1.8)
)
("C:\Program Files\Softwares\MiKTeX 2.9\tex\latex\pgf\compatibility\pgfcomp-ver
sion-0-65.sty"
Package: pgfcomp-version-0-65 2007/07/03 v2.10 (rcs-revision 1.7)
\pgf@nodesepstart=\dimen261
\pgf@nodesepend=\dimen262
)
("C:\Program Files\Softwares\MiKTeX 2.9\tex\latex\pgf\compatibility\pgfcomp-ver
sion-1-18.sty"
Package: pgfcomp-version-1-18 2007/07/23 v2.10 (rcs-revision 1.1)
))
("C:\Program Files\Softwares\MiKTeX 2.9\tex\latex\pgf\utilities\pgffor.sty"
("C:\Program Files\Softwares\MiKTeX 2.9\tex\latex\pgf\utilities\pgfkeys.sty"
("C:\Program Files\Softwares\MiKTeX 2.9\tex\generic\pgf\utilities\pgfkeys.code.
tex"))
("C:\Program Files\Softwares\MiKTeX 2.9\tex\generic\pgf\utilities\pgffor.code.t
ex"
Package: pgffor 2010/03/23 v2.10 (rcs-revision 1.18)
\pgffor@iter=\dimen263
\pgffor@skip=\dimen264
\pgffor@stack=\toks35
\pgffor@toks=\toks36
))
("C:\Program Files\Softwares\MiKTeX 2.9\tex\generic\pgf\frontendlayer\tikz\tikz
.code.tex"
Package: tikz 2010/10/13 v2.10 (rcs-revision 1.76)

("C:\Program Files\Softwares\MiKTeX 2.9\tex\generic\pgf\libraries\pgflibraryplo
thandlers.code.tex"
File: pgflibraryplothandlers.code.tex 2010/05/31 v2.10 (rcs-revision 1.15)
\pgf@plot@mark@count=\count156
\pgfplotmarksize=\dimen265
)
\tikz@lastx=\dimen266
\tikz@lasty=\dimen267
\tikz@lastxsaved=\dimen268
\tikz@lastysaved=\dimen269
\tikzleveldistance=\dimen270
\tikzsiblingdistance=\dimen271
\tikz@figbox=\box53
\tikz@tempbox=\box54
\tikztreelevel=\count157
\tikznumberofchildren=\count158
\tikznumberofcurrentchild=\count159
\tikz@fig@count=\count160

("C:\Program Files\Softwares\MiKTeX 2.9\tex\generic\pgf\modules\pgfmodulematrix
.code.tex"
File: pgfmodulematrix.code.tex 2010/08/24  (rcs-revision 1.4)
\pgfmatrixcurrentrow=\count161
\pgfmatrixcurrentcolumn=\count162
\pgf@matrix@numberofcolumns=\count163
)
\tikz@expandcount=\count164

("C:\Program Files\Softwares\MiKTeX 2.9\tex\generic\pgf\frontendlayer\tikz\libr
aries\tikzlibrarytopaths.code.tex"
File: tikzlibrarytopaths.code.tex 2008/06/17 v2.10 (rcs-revision 1.2)
)))
\mdf@frametitlebox=\box55
\mdf@footnotebox=\box56
\mdf@splitbox@one=\box57
\mdf@splitbox@two=\box58
\mdf@splitbox@save=\box59
\mdfsplitboxwidth=\skip96
\mdfsplitboxtotalwidth=\skip97
\mdfsplitboxheight=\skip98
\mdfsplitboxdepth=\skip99
\mdfsplitboxtotalheight=\skip100
\mdfframetitleboxwidth=\skip101
\mdfframetitleboxtotalwidth=\skip102
\mdfframetitleboxheight=\skip103
\mdfframetitleboxdepth=\skip104
\mdfframetitleboxtotalheight=\skip105
\mdffootnoteboxwidth=\skip106
\mdffootnoteboxtotalwidth=\skip107
\mdffootnoteboxheight=\skip108
\mdffootnoteboxdepth=\skip109
\mdffootnoteboxtotalheight=\skip110
\mdftotallinewidth=\skip111
\mdfboundingboxwidth=\skip112
\mdfboundingboxtotalwidth=\skip113
\mdfboundingboxheight=\skip114
\mdfboundingboxdepth=\skip115
\mdfboundingboxtotalheight=\skip116
\mdf@freevspace@length=\skip117
\mdf@horizontalwidthofbox@length=\skip118
\mdf@verticalmarginwhole@length=\skip119

****** mdframed patching \endmdf@trivlist

****** -- success******

.................................................
. LaTeX info: "xparse/define-command"
. 
. Defining document command \newmdtheoremenv with arg. spec. 'O{} m o m o ' on
. line 548.
.................................................
.................................................
. LaTeX info: "xparse/define-command"
. 
. Defining document command \mdtheorem with arg. spec. ' O{} m o m o ' on line
. 639.
.................................................

("C:\Program Files\Softwares\MiKTeX 2.9\tex\latex\mdframed\md-frame-1.mdf"
File: md-frame-1.mdf 2013/03/09\ 1.8: md-frame-1
)
\mdf@envdepth=\count165
\c@mdf@env@i=\count166
\c@mdf@env@ii=\count167
\c@mdf@zref@counter=\count168
Package zref Info: New property: mdf@pagevalue on input line 840.
\mdf@horizontalspaceofbox=\skip120
)
("C:\Program Files\Softwares\MiKTeX 2.9\tex\latex\geometry\geometry.sty"
Package: geometry 2010/09/12 v5.6 Page Geometry

("C:\Program Files\Softwares\MiKTeX 2.9\tex\generic\oberdiek\ifvtex.sty"
Package: ifvtex 2010/03/01 v1.5 Detect VTeX and its facilities (HO)
Package ifvtex Info: VTeX not detected.
)
\Gm@cnth=\count169
\Gm@cntv=\count170
\c@Gm@tempcnt=\count171
\Gm@bindingoffset=\dimen272
\Gm@wd@mp=\dimen273
\Gm@odd@mp=\dimen274
\Gm@even@mp=\dimen275
\Gm@layoutwidth=\dimen276
\Gm@layoutheight=\dimen277
\Gm@layouthoffset=\dimen278
\Gm@layoutvoffset=\dimen279
\Gm@dimlist=\toks37

("C:\Program Files\Softwares\MiKTeX 2.9\tex\xelatex\xetexconfig\geometry.cfg"))
("C:\Program Files\Softwares\MiKTeX 2.9\tex\latex\hyperref\hyperref.sty"
Package: hyperref 2012/11/06 v6.83m Hypertext links for LaTeX

("C:\Program Files\Softwares\MiKTeX 2.9\tex\generic\oberdiek\hobsub-hyperref.st
y"
Package: hobsub-hyperref 2012/04/25 v1.12 Bundle oberdiek, subset hyperref (HO)


("C:\Program Files\Softwares\MiKTeX 2.9\tex\generic\oberdiek\hobsub-generic.sty
"
Package: hobsub-generic 2012/04/25 v1.12 Bundle oberdiek, subset generic (HO)
Package: hobsub 2012/04/25 v1.12 Construct package bundles (HO)
Package hobsub Info: Skipping package `infwarerr' (already loaded).
Package hobsub Info: Skipping package `ltxcmds' (already loaded).
Package hobsub Info: Skipping package `ifluatex' (already loaded).
Package hobsub Info: Skipping package `ifvtex' (already loaded).
Package: intcalc 2007/09/27 v1.1 Expandable calculations with integers (HO)
Package hobsub Info: Skipping package `ifpdf' (already loaded).
Package hobsub Info: Skipping package `etexcmds' (already loaded).
Package hobsub Info: Skipping package `kvsetkeys' (already loaded).
Package hobsub Info: Skipping package `kvdefinekeys' (already loaded).
Package hobsub Info: Skipping package `pdftexcmds' (already loaded).
Package: pdfescape 2011/11/25 v1.13 Implements pdfTeX's escape features (HO)
Package: bigintcalc 2012/04/08 v1.3 Expandable calculations on big integers (HO
)
Package: bitset 2011/01/30 v1.1 Handle bit-vector datatype (HO)
Package: uniquecounter 2011/01/30 v1.2 Provide unlimited unique counter (HO)
)
Package hobsub Info: Skipping package `hobsub' (already loaded).
Package: letltxmacro 2010/09/02 v1.4 Let assignment for LaTeX macros (HO)
Package: hopatch 2011/06/24 v1.1 Wrapper for package hooks (HO)
Package: xcolor-patch 2011/01/30 xcolor patch
Package: atveryend 2011/06/30 v1.8 Hooks at the very end of document (HO)
Package hobsub Info: Skipping package `atbegshi' (already loaded).
Package: refcount 2011/10/16 v3.4 Data extraction from label references (HO)
Package: hycolor 2011/01/30 v1.7 Color options for hyperref/bookmark (HO)
)
\@linkdim=\dimen280
\Hy@linkcounter=\count172
\Hy@pagecounter=\count173
 ("C:\Program Files\Softwares\MiKTeX 2.9\tex\latex\hyperref\pd1enc.def"
File: pd1enc.def 2012/11/06 v6.83m Hyperref: PDFDocEncoding definition (HO)
)
\Hy@SavedSpaceFactor=\count174

("C:\Program Files\Softwares\MiKTeX 2.9\tex\latex\00miktex\hyperref.cfg"
File: hyperref.cfg 2002/06/06 v1.2 hyperref configuration of TeXLive
)
Package hyperref Info: Hyper figures OFF on input line 4443.
Package hyperref Info: Link nesting OFF on input line 4448.
Package hyperref Info: Hyper index ON on input line 4451.
Package hyperref Info: Plain pages OFF on input line 4458.
Package hyperref Info: Backreferencing OFF on input line 4463.
Package hyperref Info: Implicit mode ON; LaTeX internals redefined.
Package hyperref Info: Bookmarks ON on input line 4688.
\c@Hy@tempcnt=\count175

("C:\Program Files\Softwares\MiKTeX 2.9\tex\xelatex\xetexurl\url.sty"
\Urlmuskip=\muskip18
Package: url 2004/03/15  ver 3.1  Verb mode for urls, etc.
)
LaTeX Info: Redefining \url on input line 5041.
\XeTeXLinkMargin=\dimen281
Requested font "pzdr" at 0.00002pt
 -> pzdr
\Fld@menulength=\count176
\Field@Width=\dimen282
\Fld@charsize=\dimen283
Package hyperref Info: Hyper figures OFF on input line 6295.
Package hyperref Info: Link nesting OFF on input line 6300.
Package hyperref Info: Hyper index ON on input line 6303.
Package hyperref Info: backreferencing OFF on input line 6310.
Package hyperref Info: Link coloring OFF on input line 6315.
Package hyperref Info: Link coloring with OCG OFF on input line 6320.
Package hyperref Info: PDF/A mode OFF on input line 6325.
LaTeX Info: Redefining \ref on input line 6365.
LaTeX Info: Redefining \pageref on input line 6369.
\Hy@abspage=\count177
\c@Item=\count178
\c@Hfootnote=\count179
)

Package hyperref Message: Driver (autodetected): hxetex.

("C:\Program Files\Softwares\MiKTeX 2.9\tex\latex\hyperref\hxetex.def"
File: hxetex.def 2012/11/06 v6.83m Hyperref driver for XeTeX

("C:\Program Files\Softwares\MiKTeX 2.9\tex\latex\hyperref\puenc.def"
File: puenc.def 2012/11/06 v6.83m Hyperref: PDF Unicode definition (HO)
)
("C:\Program Files\Softwares\MiKTeX 2.9\tex\generic\oberdiek\stringenc.sty"
Package: stringenc 2011/12/02 v1.10 Convert strings between diff. encodings (HO
)
)
\pdfm@box=\box60
\c@Hy@AnnotLevel=\count180
\HyField@AnnotCount=\count181
\Fld@listcount=\count182
\c@bookmark@seq@number=\count183

("C:\Program Files\Softwares\MiKTeX 2.9\tex\latex\oberdiek\rerunfilecheck.sty"
Package: rerunfilecheck 2011/04/15 v1.7 Rerun checks for auxiliary files (HO)
Package rerunfilecheck Info: Feature \pdfmdfivesum is not available
(rerunfilecheck)             (e.g. pdfTeX or LuaTeX with package `pdftexcmds').

(rerunfilecheck)             Therefore file contents cannot be checked efficien
tly
(rerunfilecheck)             and the loading of the package is aborted.
)
\Hy@SectionHShift=\skip121
)
\g__file_internal_ior=\read2
Requested font "[Calibri.ttf]/ICU" at 10.0pt
 -> J:/ResumeOld/Calibri.ttf
\g_fontspec_family_Calibri.ttf_int=\count184
.................................................
. fontspec info: "defining-font"
. 
. Font family 'Calibri.ttf(0)' created for font 'Calibri.ttf' with options [].
. 
. This font family consists of the following shapes:
. 
. * 'normal' with NFSS spec.:
. <->"[Calibri.ttf]/ICU:script=latn;language=DFLT;"
. 
. * 'small caps' with NFSS spec.:
. <->"[Calibri.ttf]/ICU:script=latn;language=DFLT;+smcp;"
.................................................
Requested font "[Calibri.ttf]/ICU:script=latn;language=DFLT;" at 10.0pt
 -> J:/ResumeOld/Calibri.ttf
 (J:\ResumeOld\main.aux)
LaTeX Font Info:    Checking defaults for OML/cmm/m/it on input line 55.
LaTeX Font Info:    ... okay on input line 55.
LaTeX Font Info:    Checking defaults for T1/cmr/m/n on input line 55.
LaTeX Font Info:    ... okay on input line 55.
LaTeX Font Info:    Checking defaults for OT1/cmr/m/n on input line 55.
LaTeX Font Info:    ... okay on input line 55.
LaTeX Font Info:    Checking defaults for OMS/cmsy/m/n on input line 55.
LaTeX Font Info:    ... okay on input line 55.
LaTeX Font Info:    Checking defaults for OMX/cmex/m/n on input line 55.
LaTeX Font Info:    ... okay on input line 55.
LaTeX Font Info:    Checking defaults for U/cmr/m/n on input line 55.
LaTeX Font Info:    ... okay on input line 55.
LaTeX Font Info:    Checking defaults for EU1/lmr/m/n on input line 55.
LaTeX Font Info:    ... okay on input line 55.
LaTeX Font Info:    Checking defaults for T3/cmr/m/n on input line 55.
LaTeX Font Info:    Try loading font information for T3+cmr on input line 55.

("C:\Program Files\Softwares\MiKTeX 2.9\tex\latex\tipa\t3cmr.fd"
File: t3cmr.fd 2001/12/31 TIPA font definitions
)
LaTeX Font Info:    ... okay on input line 55.
LaTeX Font Info:    Checking defaults for TS1/cmr/m/n on input line 55.
LaTeX Font Info:    ... okay on input line 55.
LaTeX Font Info:    Checking defaults for PD1/pdf/m/n on input line 55.
LaTeX Font Info:    ... okay on input line 55.
LaTeX Font Info:    Checking defaults for PU/pdf/m/n on input line 55.
LaTeX Font Info:    ... okay on input line 55.
Requested font "[latinmodern-math.otf]/ICU" at 10.0pt
 -> C:/Program Files/Softwares/MiKTeX 2.9/fonts/opentype/public/lm-math/latinmo
dern-math.otf
\g_fontspec_family_latinmodern-math.otf_int=\count185
.................................................
. fontspec info: "defining-font"
. 
. Font family 'latinmodern-math.otf(0)' created for font
. 'latinmodern-math.otf' with options
. [BoldItalicFont={},ItalicFont={},Script=Math,SizeFeatures={{Size=10-},{Size=7
-10,Font=latinmodern-math.otf,Style=MathScript},{Size=-7,Font=latinmodern-math.
otf,Style=MathScriptScript}},BoldFont={latinmodern-math.otf}].
. 
. This font family consists of the following shapes:
. 
. * 'normal' with NFSS spec.:
. 
. <10->"[latinmodern-math.otf]/ICU:script=math;language=DFLT;"<7-10>"[latinmode
rn-math.otf]/ICU:script=math;language=DFLT;+ssty=0;"<-7>"[latinmodern-math.otf]
/ICU:script=math;language=DFLT;+ssty=1;"
. 
. * 'bold' with NFSS spec.:
. 
. <10->"[latinmodern-math.otf]/ICU:script=math;language=DFLT;"<7-10>"[latinmode
rn-math.otf]/ICU:script=math;language=DFLT;+ssty=0;"<-7>"[latinmodern-math.otf]
/ICU:script=math;language=DFLT;+ssty=1;"
.................................................
Requested font "[latinmodern-math.otf]/ICU:script=math;language=DFLT;" at 10.0p
t
 -> C:/Program Files/Softwares/MiKTeX 2.9/fonts/opentype/public/lm-math/latinmo
dern-math.otf
LaTeX Font Info:    Encoding `OT1' has changed to `EU1' for symbol font
(Font)              `operators' in the math version `normal' on input line 55.
LaTeX Font Info:    Overwriting symbol font `operators' in version `normal'
(Font)                  OT1/cmr/m/n --> EU1/latinmodern-math.otf(0)/m/n on inpu
t line 55.
LaTeX Font Info:    Encoding `OT1' has changed to `EU1' for symbol font
(Font)              `operators' in the math version `bold' on input line 55.
LaTeX Font Info:    Overwriting symbol font `operators' in version `bold'
(Font)                  OT1/cmr/bx/n --> EU1/latinmodern-math.otf(0)/bx/n on in
put line 55.
.................................................
. fontspec info: "defining-font"
. 
. Font family 'latinmodern-math.otf(1)' created for font
. 'latinmodern-math.otf' with options
. [BoldItalicFont={},ItalicFont={},Script=Math,SizeFeatures={{Size=10-},{Size=7
-10,Font=latinmodern-math.otf,Style=MathScript},{Size=-7,Font=latinmodern-math.
otf,Style=MathScriptScript}},BoldFont={latinmodern-math.otf},Scale=1.00001,Font
Adjustment={\fontdimen
. 8\font =6.77pt\relax \relax \fontdimen 9\font =3.94pt\relax \relax
. \fontdimen 10\font =4.44pt\relax \relax \fontdimen 11\font =6.86pt\relax
. \relax \fontdimen 12\font =3.45pt\relax \relax \fontdimen 13\font
. =3.63pt\relax \relax \fontdimen 14\font =3.63pt\relax \relax \fontdimen
. 15\font =2.89pt\relax \relax \fontdimen 16\font =2.47pt\relax \relax
. \fontdimen 17\font =2.47pt\relax \relax \fontdimen 18\font =2.5pt\relax
. \relax \fontdimen 19\font =2.0pt\relax \relax \fontdimen 20\font =0pt\relax
. \fontdimen 21\font =0pt\relax \fontdimen 22\font =2.5pt\relax \relax }].
. 
. This font family consists of the following shapes:
. 
. * 'normal' with NFSS spec.:
. 
. <10->s*[1.00001]"[latinmodern-math.otf]/ICU:script=math;language=DFLT;"<7-10>
s*[1.00001]"[latinmodern-math.otf]/ICU:script=math;language=DFLT;+ssty=0;"<-7>s
*[1.00001]"[latinmodern-math.otf]/ICU:script=math;language=DFLT;+ssty=1;"
. and font adjustment code:
. \fontdimen 8\font =6.77pt\relax \relax \fontdimen 9\font =3.94pt\relax
. \relax \fontdimen 10\font =4.44pt\relax \relax \fontdimen 11\font
. =6.86pt\relax \relax \fontdimen 12\font =3.45pt\relax \relax \fontdimen
. 13\font =3.63pt\relax \relax \fontdimen 14\font =3.63pt\relax \relax
. \fontdimen 15\font =2.89pt\relax \relax \fontdimen 16\font =2.47pt\relax
. \relax \fontdimen 17\font =2.47pt\relax \relax \fontdimen 18\font
. =2.5pt\relax \relax \fontdimen 19\font =2.0pt\relax \relax \fontdimen
. 20\font =0pt\relax \fontdimen 21\font =0pt\relax \fontdimen 22\font
. =2.5pt\relax \relax 
. 
. * 'bold' with NFSS spec.:
. 
. <10->s*[1.00001]"[latinmodern-math.otf]/ICU:script=math;language=DFLT;"<7-10>
s*[1.00001]"[latinmodern-math.otf]/ICU:script=math;language=DFLT;+ssty=0;"<-7>s
*[1.00001]"[latinmodern-math.otf]/ICU:script=math;language=DFLT;+ssty=1;"
. and font adjustment code:
. \fontdimen 8\font =6.77pt\relax \relax \fontdimen 9\font =3.94pt\relax
. \relax \fontdimen 10\font =4.44pt\relax \relax \fontdimen 11\font
. =6.86pt\relax \relax \fontdimen 12\font =3.45pt\relax \relax \fontdimen
. 13\font =3.63pt\relax \relax \fontdimen 14\font =3.63pt\relax \relax
. \fontdimen 15\font =2.89pt\relax \relax \fontdimen 16\font =2.47pt\relax
. \relax \fontdimen 17\font =2.47pt\relax \relax \fontdimen 18\font
. =2.5pt\relax \relax \fontdimen 19\font =2.0pt\relax \relax \fontdimen
. 20\font =0pt\relax \fontdimen 21\font =0pt\relax \fontdimen 22\font
. =2.5pt\relax \relax 
.................................................
LaTeX Font Info:    Encoding `OMS' has changed to `EU1' for symbol font
(Font)              `symbols' in the math version `normal' on input line 55.
LaTeX Font Info:    Overwriting symbol font `symbols' in version `normal'
(Font)                  OMS/cmsy/m/n --> EU1/latinmodern-math.otf(1)/m/n on inp
ut line 55.
LaTeX Font Info:    Encoding `OMS' has changed to `EU1' for symbol font
(Font)              `symbols' in the math version `bold' on input line 55.
LaTeX Font Info:    Overwriting symbol font `symbols' in version `bold'
(Font)                  OMS/cmsy/b/n --> EU1/latinmodern-math.otf(1)/bx/n on in
put line 55.
.................................................
. fontspec info: "defining-font"
. 
. Font family 'latinmodern-math.otf(2)' created for font
. 'latinmodern-math.otf' with options
. [BoldItalicFont={},ItalicFont={},Script=Math,SizeFeatures={{Size=10-},{Size=7
-10,Font=latinmodern-math.otf,Style=MathScript},{Size=-7,Font=latinmodern-math.
otf,Style=MathScriptScript}},BoldFont={latinmodern-math.otf},Scale=0.99999,Font
Adjustment={\fontdimen
. 8\font =0.4pt\relax \relax \fontdimen 9\font =2.0pt\relax \relax \fontdimen
. 10\font =1.67pt\relax \relax \fontdimen 11\font =1.11pt\relax \relax
. \fontdimen 12\font =6.0pt\relax \relax \fontdimen 13\font =0pt\relax }].
. 
. This font family consists of the following shapes:
. 
. * 'normal' with NFSS spec.:
. 
. <10->s*[0.99999]"[latinmodern-math.otf]/ICU:script=math;language=DFLT;"<7-10>
s*[0.99999]"[latinmodern-math.otf]/ICU:script=math;language=DFLT;+ssty=0;"<-7>s
*[0.99999]"[latinmodern-math.otf]/ICU:script=math;language=DFLT;+ssty=1;"
. and font adjustment code:
. \fontdimen 8\font =0.4pt\relax \relax \fontdimen 9\font =2.0pt\relax \relax
. \fontdimen 10\font =1.67pt\relax \relax \fontdimen 11\font =1.11pt\relax
. \relax \fontdimen 12\font =6.0pt\relax \relax \fontdimen 13\font =0pt\relax 
. 
. * 'bold' with NFSS spec.:
. 
. <10->s*[0.99999]"[latinmodern-math.otf]/ICU:script=math;language=DFLT;"<7-10>
s*[0.99999]"[latinmodern-math.otf]/ICU:script=math;language=DFLT;+ssty=0;"<-7>s
*[0.99999]"[latinmodern-math.otf]/ICU:script=math;language=DFLT;+ssty=1;"
. and font adjustment code:
. \fontdimen 8\font =0.4pt\relax \relax \fontdimen 9\font =2.0pt\relax \relax
. \fontdimen 10\font =1.67pt\relax \relax \fontdimen 11\font =1.11pt\relax
. \relax \fontdimen 12\font =6.0pt\relax \relax \fontdimen 13\font =0pt\relax 
.................................................
LaTeX Font Info:    Encoding `OMX' has changed to `EU1' for symbol font
(Font)              `largesymbols' in the math version `normal' on input line 5
5.
LaTeX Font Info:    Overwriting symbol font `largesymbols' in version `normal'
(Font)                  OMX/cmex/m/n --> EU1/latinmodern-math.otf(2)/m/n on inp
ut line 55.
LaTeX Font Info:    Encoding `OMX' has changed to `EU1' for symbol font
(Font)              `largesymbols' in the math version `bold' on input line 55.

LaTeX Font Info:    Overwriting symbol font `largesymbols' in version `bold'
(Font)                  OMX/cmex/m/n --> EU1/latinmodern-math.otf(2)/bx/n on in
put line 55.
\AtBeginShipoutBox=\box61

ABD: EveryShipout initializing macros
*geometry* detected driver: pdftex
*geometry* verbose mode - [ preamble ] result:
* driver: pdftex
* paper: a4paper
* layout: <same size as paper>
* layoutoffset:(h,v)=(0.0pt,0.0pt)
* bindingoffset: 14.45377pt
* modes: 
* h-part:(L,W,R)=(5.69046pt, 563.13728pt, 14.22636pt)
* v-part:(T,H,B)=(17.07182pt, 825.12958pt, 2.84544pt)
* \paperwidth=597.50787pt
* \paperheight=845.04684pt
* \textwidth=563.13728pt
* \textheight=825.12958pt
* \oddsidemargin=-52.12576pt
* \evensidemargin=-66.57953pt
* \topmargin=-92.19817pt
* \headheight=12.0pt
* \headsep=25.0pt
* \topskip=10.0pt
* \footskip=30.0pt
* \marginparwidth=57.0pt
* \marginparsep=11.0pt
* \columnsep=10.0pt
* \skip\footins=9.0pt plus 4.0pt minus 2.0pt
* \hoffset=0.0pt
* \voffset=0.0pt
* \mag=1000
* \@twocolumnfalse
* \@twosidefalse
* \@mparswitchfalse
* \@reversemarginfalse
* (1in=72.27pt=25.4mm, 1cm=28.453pt)

Package hyperref Info: Link coloring OFF on input line 55.
("C:\Program Files\Softwares\MiKTeX 2.9\tex\latex\hyperref\nameref.sty"
Package: nameref 2012/10/27 v2.43 Cross-referencing by name of section

("C:\Program Files\Softwares\MiKTeX 2.9\tex\generic\oberdiek\gettitlestring.sty
"
Package: gettitlestring 2010/12/03 v1.4 Cleanup title references (HO)
)
\c@section@level=\count186
)
LaTeX Info: Redefining \ref on input line 55.
LaTeX Info: Redefining \pageref on input line 55.
LaTeX Info: Redefining \nameref on input line 55.
 (J:\ResumeOld\main.out) (J:\ResumeOld\main.out)
\@outlinefile=\write4
Requested font "[Calibri.ttf]/ICU:script=latn;language=DFLT;" at 17.28pt
 -> J:/ResumeOld/Calibri.ttf
Requested font "[Calibri Bold.ttf]/ICU" at 17.28pt
 -> J:/ResumeOld/Calibri Bold.ttf
\g_fontspec_family_Calibri Bold.ttf_int=\count187
.................................................
. fontspec info: "defining-font"
. 
. Font family 'CalibriBold.ttf(0)' created for font 'Calibri Bold.ttf' with
. options [].
. 
. This font family consists of the following shapes:
. 
. * 'normal' with NFSS spec.:
. <->"[Calibri Bold.ttf]/ICU:script=latn;language=DFLT;"
. 
. * 'small caps' with NFSS spec.:
. <->"[Calibri Bold.ttf]/ICU:script=latn;language=DFLT;+smcp;"
.................................................
Requested font "[Calibri Bold.ttf]/ICU:script=latn;language=DFLT;" at 17.28pt
 -> J:/ResumeOld/Calibri Bold.ttf


LaTeX Font Warning: Font shape `EU1/CalibriBold.ttf(0)/bx/n' undefined
(Font)              using `EU1/CalibriBold.ttf(0)/m/n' instead on input line 60
.

Requested font "[latinmodern-math.otf]/ICU:script=math;language=DFLT;+ssty=1;" 
at 6.99997pt
 -> C:/Program Files/Softwares/MiKTeX 2.9/fonts/opentype/public/lm-math/latinmo
dern-math.otf
Requested font "[latinmodern-math.otf]/ICU:script=math;language=DFLT;+ssty=1;" 
at 5.0pt
 -> C:/Program Files/Softwares/MiKTeX 2.9/fonts/opentype/public/lm-math/latinmo
dern-math.otf
Requested font "cmmi6" at 6.99997pt
 -> cmmi6
LaTeX Font Info:    Font shape `EU1/latinmodern-math.otf(1)/m/n' will be
(Font)              scaled to size 10.00015pt on input line 62.
Requested font "[latinmodern-math.otf]/ICU:script=math;language=DFLT;" at 10.00
015pt
 -> C:/Program Files/Softwares/MiKTeX 2.9/fonts/opentype/public/lm-math/latinmo
dern-math.otf
LaTeX Font Info:    Font shape `EU1/latinmodern-math.otf(1)/m/n' will be
(Font)              scaled to size 7.00006pt on input line 62.
Requested font "[latinmodern-math.otf]/ICU:script=math;language=DFLT;+ssty=1;" 
at 7.00006pt
 -> C:/Program Files/Softwares/MiKTeX 2.9/fonts/opentype/public/lm-math/latinmo
dern-math.otf
LaTeX Font Info:    Font shape `EU1/latinmodern-math.otf(1)/m/n' will be
(Font)              scaled to size 5.00008pt on input line 62.
Requested font "[latinmodern-math.otf]/ICU:script=math;language=DFLT;+ssty=1;" 
at 5.00008pt
 -> C:/Program Files/Softwares/MiKTeX 2.9/fonts/opentype/public/lm-math/latinmo
dern-math.otf
LaTeX Font Info:    Font shape `EU1/latinmodern-math.otf(2)/m/n' will be
(Font)              scaled to size 9.99985pt on input line 62.
Requested font "[latinmodern-math.otf]/ICU:script=math;language=DFLT;" at 9.999
85pt
 -> C:/Program Files/Softwares/MiKTeX 2.9/fonts/opentype/public/lm-math/latinmo
dern-math.otf
LaTeX Font Info:    Font shape `EU1/latinmodern-math.otf(2)/m/n' will be
(Font)              scaled to size 6.99986pt on input line 62.
Requested font "[latinmodern-math.otf]/ICU:script=math;language=DFLT;+ssty=1;" 
at 6.99986pt
 -> C:/Program Files/Softwares/MiKTeX 2.9/fonts/opentype/public/lm-math/latinmo
dern-math.otf
LaTeX Font Info:    Font shape `EU1/latinmodern-math.otf(2)/m/n' will be
(Font)              scaled to size 4.99992pt on input line 62.
Requested font "[latinmodern-math.otf]/ICU:script=math;language=DFLT;+ssty=1;" 
at 4.99992pt
 -> C:/Program Files/Softwares/MiKTeX 2.9/fonts/opentype/public/lm-math/latinmo
dern-math.otf
Requested font "[Calibri Bold.ttf]/ICU" at 10.0pt
 -> J:/ResumeOld/Calibri Bold.ttf
.................................................
. fontspec info: "defining-font"
. 
. Font family 'CalibriBold.ttf(0)' created for font 'Calibri Bold.ttf' with
. options [].
. 
. This font family consists of the following shapes:
.................................................
Requested font "[Calibri Bold.ttf]/ICU:script=latn;language=DFLT;" at 10.0pt
 -> J:/ResumeOld/Calibri Bold.ttf
.................................................
. fontspec info: "defining-font"
. 
. Font family 'CalibriBold.ttf(0)' created for font 'Calibri Bold.ttf' with
. options [].
. 
. This font family consists of the following shapes:
.................................................
Requested font "[Calibri.ttf]/ICU:script=latn;language=DFLT;" at 6.99997pt
 -> J:/ResumeOld/Calibri.ttf
Requested font "[Calibri Bold.ttf]/ICU" at 6.99997pt
 -> J:/ResumeOld/Calibri Bold.ttf
.................................................
. fontspec info: "defining-font"
. 
. Font family 'CalibriBold.ttf(0)' created for font 'Calibri Bold.ttf' with
. options [].
. 
. This font family consists of the following shapes:
.................................................
Requested font "[Calibri Bold.ttf]/ICU:script=latn;language=DFLT;" at 6.99997pt
 -> J:/ResumeOld/Calibri Bold.ttf
Requested font "[Calibri.ttf]/ICU:script=latn;language=DFLT;" at 5.0pt
 -> J:/ResumeOld/Calibri.ttf
Requested font "[Calibri Bold.ttf]/ICU" at 5.0pt
 -> J:/ResumeOld/Calibri Bold.ttf
.................................................
. fontspec info: "defining-font"
. 
. Font family 'CalibriBold.ttf(0)' created for font 'Calibri Bold.ttf' with
. options [].
. 
. This font family consists of the following shapes:
.................................................
Requested font "[Calibri Bold.ttf]/ICU:script=latn;language=DFLT;" at 5.0pt
 -> J:/ResumeOld/Calibri Bold.ttf
.................................................
. fontspec info: "defining-font"
. 
. Font family 'CalibriBold.ttf(0)' created for font 'Calibri Bold.ttf' with
. options [].
. 
. This font family consists of the following shapes:
.................................................
.................................................
. fontspec info: "defining-font"
. 
. Font family 'CalibriBold.ttf(0)' created for font 'Calibri Bold.ttf' with
. options [].
. 
. This font family consists of the following shapes:
.................................................
.................................................
. fontspec info: "defining-font"
. 
. Font family 'CalibriBold.ttf(0)' created for font 'Calibri Bold.ttf' with
. options [].
. 
. This font family consists of the following shapes:
.................................................
.................................................
. fontspec info: "defining-font"
. 
. Font family 'CalibriBold.ttf(0)' created for font 'Calibri Bold.ttf' with
. options [].
. 
. This font family consists of the following shapes:
.................................................
Requested font "[Calibri.ttf]/ICU:script=latn;language=DFLT;" at 12.0pt
 -> J:/ResumeOld/Calibri.ttf

LaTeX Font Warning: Font shape `EU1/Calibri.ttf(0)/bx/n' undefined
(Font)              using `EU1/Calibri.ttf(0)/m/n' instead on input line 75.

Requested font "[Calibri Bold.ttf]/ICU" at 12.0pt
 -> J:/ResumeOld/Calibri Bold.ttf
.................................................
. fontspec info: "defining-font"
. 
. Font family 'CalibriBold.ttf(0)' created for font 'Calibri Bold.ttf' with
. options [].
. 
. This font family consists of the following shapes:
.................................................
Requested font "[Calibri Bold.ttf]/ICU:script=latn;language=DFLT;" at 12.0pt
 -> J:/ResumeOld/Calibri Bold.ttf
.................................................
. fontspec info: "defining-font"
. 
. Font family 'CalibriBold.ttf(0)' created for font 'Calibri Bold.ttf' with
. options [].
. 
. This font family consists of the following shapes:
.................................................
.................................................
. fontspec info: "defining-font"
. 
. Font family 'CalibriBold.ttf(0)' created for font 'Calibri Bold.ttf' with
. options [].
. 
. This font family consists of the following shapes:
.................................................
.................................................
. fontspec info: "defining-font"
. 
. Font family 'CalibriBold.ttf(0)' created for font 'Calibri Bold.ttf' with
. options [].
. 
. This font family consists of the following shapes:
.................................................
.................................................
. fontspec info: "defining-font"
. 
. Font family 'CalibriBold.ttf(0)' created for font 'Calibri Bold.ttf' with
. options [].
. 
. This font family consists of the following shapes:
.................................................
.................................................
. fontspec info: "defining-font"
. 
. Font family 'CalibriBold.ttf(0)' created for font 'Calibri Bold.ttf' with
. options [].
. 
. This font family consists of the following shapes:
.................................................
.................................................
. fontspec info: "defining-font"
. 
. Font family 'CalibriBold.ttf(0)' created for font 'Calibri Bold.ttf' with
. options [].
. 
. This font family consists of the following shapes:
.................................................
.................................................
. fontspec info: "defining-font"
. 
. Font family 'CalibriBold.ttf(0)' created for font 'Calibri Bold.ttf' with
. options [].
. 
. This font family consists of the following shapes:
.................................................
.................................................
. fontspec info: "defining-font"
. 
. Font family 'CalibriBold.ttf(0)' created for font 'Calibri Bold.ttf' with
. options [].
. 
. This font family consists of the following shapes:
.................................................
.................................................
. fontspec info: "defining-font"
. 
. Font family 'CalibriBold.ttf(0)' created for font 'Calibri Bold.ttf' with
. options [].
. 
. This font family consists of the following shapes:
.................................................
.................................................
. fontspec info: "defining-font"
. 
. Font family 'CalibriBold.ttf(0)' created for font 'Calibri Bold.ttf' with
. options [].
. 
. This font family consists of the following shapes:
.................................................
.................................................
. fontspec info: "defining-font"
. 
. Font family 'CalibriBold.ttf(0)' created for font 'Calibri Bold.ttf' with
. options [].
. 
. This font family consists of the following shapes:
.................................................
.................................................
. fontspec info: "defining-font"
. 
. Font family 'CalibriBold.ttf(0)' created for font 'Calibri Bold.ttf' with
. options [].
. 
. This font family consists of the following shapes:
.................................................
.................................................
. fontspec info: "defining-font"
. 
. Font family 'CalibriBold.ttf(0)' created for font 'Calibri Bold.ttf' with
. options [].
. 
. This font family consists of the following shapes:
.................................................
.................................................
. fontspec info: "defining-font"
. 
. Font family 'CalibriBold.ttf(0)' created for font 'Calibri Bold.ttf' with
. options [].
. 
. This font family consists of the following shapes:
.................................................
.................................................
. fontspec info: "defining-font"
. 
. Font family 'CalibriBold.ttf(0)' created for font 'Calibri Bold.ttf' with
. options [].
. 
. This font family consists of the following shapes:
.................................................
Requested font "[Calibri Italic.ttf]/ICU" at 10.0pt
 -> J:/ResumeOld/Calibri Italic.ttf
\g_fontspec_family_Calibri Italic.ttf_int=\count188
.................................................
. fontspec info: "defining-font"
. 
. Font family 'CalibriItalic.ttf(0)' created for font 'Calibri Italic.ttf'
. with options [].
. 
. This font family consists of the following shapes:
. 
. * 'normal' with NFSS spec.:
. <->"[Calibri Italic.ttf]/ICU:script=latn;language=DFLT;"
. 
. * 'small caps' with NFSS spec.:
. <->"[Calibri Italic.ttf]/ICU:script=latn;language=DFLT;+smcp;"
.................................................
Requested font "[Calibri Italic.ttf]/ICU:script=latn;language=DFLT;" at 10.0pt
 -> J:/ResumeOld/Calibri Italic.ttf
.................................................
. fontspec info: "defining-font"
. 
. Font family 'CalibriItalic.ttf(0)' created for font 'Calibri Italic.ttf'
. with options [].
. 
. This font family consists of the following shapes:
.................................................
Requested font "[Calibri Italic.ttf]/ICU:script=latn;language=DFLT;" at 6.99997
pt
 -> J:/ResumeOld/Calibri Italic.ttf
Requested font "[Calibri Italic.ttf]/ICU:script=latn;language=DFLT;" at 5.0pt
 -> J:/ResumeOld/Calibri Italic.ttf
.................................................
. fontspec info: "defining-font"
. 
. Font family 'CalibriBold.ttf(0)' created for font 'Calibri Bold.ttf' with
. options [].
. 
. This font family consists of the following shapes:
.................................................
.................................................
. fontspec info: "defining-font"
. 
. Font family 'CalibriItalic.ttf(0)' created for font 'Calibri Italic.ttf'
. with options [].
. 
. This font family consists of the following shapes:
.................................................
.................................................
. fontspec info: "defining-font"
. 
. Font family 'CalibriItalic.ttf(0)' created for font 'Calibri Italic.ttf'
. with options [].
. 
. This font family consists of the following shapes:
.................................................
.................................................
. fontspec info: "defining-font"
. 
. Font family 'CalibriBold.ttf(0)' created for font 'Calibri Bold.ttf' with
. options [].
. 
. This font family consists of the following shapes:
.................................................
.................................................
. fontspec info: "defining-font"
. 
. Font family 'CalibriItalic.ttf(0)' created for font 'Calibri Italic.ttf'
. with options [].
. 
. This font family consists of the following shapes:
.................................................
.................................................
. fontspec info: "defining-font"
. 
. Font family 'CalibriItalic.ttf(0)' created for font 'Calibri Italic.ttf'
. with options [].
. 
. This font family consists of the following shapes:
.................................................
.................................................
. fontspec info: "defining-font"
. 
. Font family 'CalibriBold.ttf(0)' created for font 'Calibri Bold.ttf' with
. options [].
. 
. This font family consists of the following shapes:
.................................................
.................................................
. fontspec info: "defining-font"
. 
. Font family 'CalibriItalic.ttf(0)' created for font 'Calibri Italic.ttf'
. with options [].
. 
. This font family consists of the following shapes:
.................................................
.................................................
. fontspec info: "defining-font"
. 
. Font family 'CalibriItalic.ttf(0)' created for font 'Calibri Italic.ttf'
. with options [].
. 
. This font family consists of the following shapes:
.................................................
.................................................
. fontspec info: "defining-font"
. 
. Font family 'CalibriBold.ttf(0)' created for font 'Calibri Bold.ttf' with
. options [].
. 
. This font family consists of the following shapes:
.................................................
.................................................
. fontspec info: "defining-font"
. 
. Font family 'CalibriItalic.ttf(0)' created for font 'Calibri Italic.ttf'
. with options [].
. 
. This font family consists of the following shapes:
.................................................
.................................................
. fontspec info: "defining-font"
. 
. Font family 'CalibriItalic.ttf(0)' created for font 'Calibri Italic.ttf'
. with options [].
. 
. This font family consists of the following shapes:
.................................................
.................................................
. fontspec info: "defining-font"
. 
. Font family 'CalibriBold.ttf(0)' created for font 'Calibri Bold.ttf' with
. options [].
. 
. This font family consists of the following shapes:
.................................................
.................................................
. fontspec info: "defining-font"
. 
. Font family 'CalibriItalic.ttf(0)' created for font 'Calibri Italic.ttf'
. with options [].
. 
. This font family consists of the following shapes:
.................................................
.................................................
. fontspec info: "defining-font"
. 
. Font family 'CalibriItalic.ttf(0)' created for font 'Calibri Italic.ttf'
. with options [].
. 
. This font family consists of the following shapes:
.................................................
.................................................
. fontspec info: "defining-font"
. 
. Font family 'CalibriBold.ttf(0)' created for font 'Calibri Bold.ttf' with
. options [].
. 
. This font family consists of the following shapes:
.................................................
.................................................
. fontspec info: "defining-font"
. 
. Font family 'CalibriItalic.ttf(0)' created for font 'Calibri Italic.ttf'
. with options [].
. 
. This font family consists of the following shapes:
.................................................
.................................................
. fontspec info: "defining-font"
. 
. Font family 'CalibriItalic.ttf(0)' created for font 'Calibri Italic.ttf'
. with options [].
. 
. This font family consists of the following shapes:
.................................................

Overfull \hbox (1.7859pt too wide) in paragraph at lines 90--101
[] 
 []

.................................................
. fontspec info: "defining-font"
. 
. Font family 'CalibriBold.ttf(0)' created for font 'Calibri Bold.ttf' with
. options [].
. 
. This font family consists of the following shapes:
.................................................
.................................................
. fontspec info: "defining-font"
. 
. Font family 'CalibriBold.ttf(0)' created for font 'Calibri Bold.ttf' with
. options [].
. 
. This font family consists of the following shapes:
.................................................

Overfull \hbox (1.7859pt too wide) in paragraph at lines 102--122
[] 
 []

.................................................
. fontspec info: "defining-font"
. 
. Font family 'CalibriBold.ttf(0)' created for font 'Calibri Bold.ttf' with
. options [].
. 
. This font family consists of the following shapes:
.................................................
.................................................
. fontspec info: "defining-font"
. 
. Font family 'CalibriBold.ttf(0)' created for font 'Calibri Bold.ttf' with
. options [].
. 
. This font family consists of the following shapes:
.................................................
.................................................
. fontspec info: "defining-font"
. 
. Font family 'CalibriBold.ttf(0)' created for font 'Calibri Bold.ttf' with
. options [].
. 
. This font family consists of the following shapes:
.................................................
.................................................
. fontspec info: "defining-font"
. 
. Font family 'CalibriBold.ttf(0)' created for font 'Calibri Bold.ttf' with
. options [].
. 
. This font family consists of the following shapes:
.................................................
.................................................
. fontspec info: "defining-font"
. 
. Font family 'CalibriBold.ttf(0)' created for font 'Calibri Bold.ttf' with
. options [].
. 
. This font family consists of the following shapes:
.................................................
.................................................
. fontspec info: "defining-font"
. 
. Font family 'CalibriBold.ttf(0)' created for font 'Calibri Bold.ttf' with
. options [].
. 
. This font family consists of the following shapes:
.................................................
.................................................
. fontspec info: "defining-font"
. 
. Font family 'CalibriBold.ttf(0)' created for font 'Calibri Bold.ttf' with
. options [].
. 
. This font family consists of the following shapes:
.................................................
.................................................
. fontspec info: "defining-font"
. 
. Font family 'CalibriBold.ttf(0)' created for font 'Calibri Bold.ttf' with
. options [].
. 
. This font family consists of the following shapes:
.................................................

Overfull \hbox (1.7859pt too wide) in paragraph at lines 123--134
[] 
 []

.................................................
. fontspec info: "defining-font"
. 
. Font family 'CalibriBold.ttf(0)' created for font 'Calibri Bold.ttf' with
. options [].
. 
. This font family consists of the following shapes:
.................................................
.................................................
. fontspec info: "defining-font"
. 
. Font family 'CalibriBold.ttf(0)' created for font 'Calibri Bold.ttf' with
. options [].
. 
. This font family consists of the following shapes:
.................................................
.................................................
. fontspec info: "defining-font"
. 
. Font family 'CalibriBold.ttf(0)' created for font 'Calibri Bold.ttf' with
. options [].
. 
. This font family consists of the following shapes:
.................................................
.................................................
. fontspec info: "defining-font"
. 
. Font family 'CalibriBold.ttf(0)' created for font 'Calibri Bold.ttf' with
. options [].
. 
. This font family consists of the following shapes:
.................................................

Overfull \hbox (1.7859pt too wide) in paragraph at lines 154--160
[] 
 []

.................................................
. fontspec info: "defining-font"
. 
. Font family 'CalibriBold.ttf(0)' created for font 'Calibri Bold.ttf' with
. options [].
. 
. This font family consists of the following shapes:
.................................................
.................................................
. fontspec info: "defining-font"
. 
. Font family 'CalibriBold.ttf(0)' created for font 'Calibri Bold.ttf' with
. options [].
. 
. This font family consists of the following shapes:
.................................................
.................................................
. fontspec info: "defining-font"
. 
. Font family 'CalibriBold.ttf(0)' created for font 'Calibri Bold.ttf' with
. options [].
. 
. This font family consists of the following shapes:
.................................................
.................................................
. fontspec info: "defining-font"
. 
. Font family 'CalibriBold.ttf(0)' created for font 'Calibri Bold.ttf' with
. options [].
. 
. This font family consists of the following shapes:
.................................................
.................................................
. fontspec info: "defining-font"
. 
. Font family 'CalibriBold.ttf(0)' created for font 'Calibri Bold.ttf' with
. options [].
. 
. This font family consists of the following shapes:
.................................................
.................................................
. fontspec info: "defining-font"
. 
. Font family 'CalibriBold.ttf(0)' created for font 'Calibri Bold.ttf' with
. options [].
. 
. This font family consists of the following shapes:
.................................................
.................................................
. fontspec info: "defining-font"
. 
. Font family 'CalibriBold.ttf(0)' created for font 'Calibri Bold.ttf' with
. options [].
. 
. This font family consists of the following shapes:
.................................................
.................................................
. fontspec info: "defining-font"
. 
. Font family 'CalibriBold.ttf(0)' created for font 'Calibri Bold.ttf' with
. options [].
. 
. This font family consists of the following shapes:
.................................................
.................................................
. fontspec info: "defining-font"
. 
. Font family 'CalibriBold.ttf(0)' created for font 'Calibri Bold.ttf' with
. options [].
. 
. This font family consists of the following shapes:
.................................................

Overfull \hbox (1.7859pt too wide) in paragraph at lines 161--170
[] 
 []

Package atveryend Info: Empty hook `BeforeClearDocument' on input line 288.
("C:\Program Files\Softwares\MiKTeX 2.9\tex\generic\oberdiek\se-ascii-print.def
"
File: se-ascii-print.def 2011/12/02 v1.10 stringenc: Printable ASCII characters

) [1

]
Package atveryend Info: Empty hook `AfterLastShipout' on input line 288.
 (J:\ResumeOld\main.aux)
Package atveryend Info: Empty hook `AtVeryEndDocument' on input line 288.
Package atveryend Info: Empty hook `AtEndAfterFileList' on input line 288.


LaTeX Font Warning: Some font shapes were not available, defaults substituted.

 ) 
Here is how much of TeX's memory you used:
 36383 strings out of 429035
 679531 string characters out of 3166239
 787651 words of memory out of 3000000
 39184 multiletter control sequences out of 15000+200000
 5205 words of font info for 51 fonts, out of 3000000 for 9000
 912 hyphenation exceptions out of 8191
 81i,15n,78p,881b,950s stack positions out of 5000i,500n,10000p,200000b,50000s

Output written on main.pdf (1 page).
